0 verbose cli /usr/local/bin/node /usr/local/lib/node_modules/npm/bin/npm-cli.js
1 info using npm@11.9.0
2 info using node@v24.14.0
3 silly config load:file:/usr/local/lib/node_modules/npm/npmrc
4 silly config load:file:/Users/aj/Desktop/Astro/astro/akhtar-landing/.npmrc
5 silly config load:file:/Users/aj/.npmrc
6 silly config load:file:/usr/local/etc/npmrc
7 verbose title npm exec serve . --single --listen 3000
8 verbose argv "exec" "--yes" "--" "serve" "." "--single" "--listen" "3000"
9 verbose logfile logs-max:10 dir:/Users/aj/Desktop/Astro/astro/akhtar-landing/.npm-cache/_logs/2026-03-25T00_57_45_683Z-
10 verbose logfile /Users/aj/Desktop/Astro/astro/akhtar-landing/.npm-cache/_logs/2026-03-25T00_57_45_683Z-debug-0.log
11 silly logfile done cleaning log files
12 silly packumentCache heap:4496293888 maxSize:1124073472 maxEntrySize:562036736
13 http fetch GET 200 https://registry.npmjs.org/serve 165ms (cache miss)
14 silly packumentCache heap:4496293888 maxSize:1124073472 maxEntrySize:562036736
15 http fetch GET 200 https://registry.npmjs.org/npm 208ms
16 silly packumentCache heap:4496293888 maxSize:1124073472 maxEntrySize:562036736
17 silly idealTree buildDeps
18 silly fetch manifest serve@14.2.6
19 silly packumentCache full:https://registry.npmjs.org/serve cache-miss
20 http fetch GET 200 https://registry.npmjs.org/serve 35ms (cache miss)
21 silly packumentCache full:https://registry.npmjs.org/serve set size:undefined disposed:false
22 silly placeDep ROOT serve@14.2.6 OK for:  want: 14.2.6
23 silly fetch manifest @zeit/schemas@2.36.0
24 silly packumentCache full:https://registry.npmjs.org/@zeit%2fschemas cache-miss
25 silly fetch manifest ajv@8.18.0
26 silly packumentCache full:https://registry.npmjs.org/ajv cache-miss
27 silly fetch manifest arg@5.0.2
28 silly packumentCache full:https://registry.npmjs.org/arg cache-miss
29 silly fetch manifest boxen@7.0.0
30 silly packumentCache full:https://registry.npmjs.org/boxen cache-miss
31 silly fetch manifest chalk@5.0.1
32 silly packumentCache full:https://registry.npmjs.org/chalk cache-miss
33 silly fetch manifest chalk-template@0.4.0
34 silly packumentCache full:https://registry.npmjs.org/chalk-template cache-miss
35 silly fetch manifest clipboardy@3.0.0
36 silly packumentCache full:https://registry.npmjs.org/clipboardy cache-miss
37 http fetch GET 200 https://registry.npmjs.org/ajv 43ms (cache miss)
38 silly packumentCache full:https://registry.npmjs.org/ajv set size:undefined disposed:false
39 silly fetch manifest compression@1.8.1
40 silly packumentCache full:https://registry.npmjs.org/compression cache-miss
41 http fetch GET 200 https://registry.npmjs.org/@zeit%2fschemas 57ms (cache miss)
42 silly packumentCache full:https://registry.npmjs.org/@zeit%2fschemas set size:undefined disposed:false
43 silly fetch manifest is-port-reachable@4.0.0
44 silly packumentCache full:https://registry.npmjs.org/is-port-reachable cache-miss
45 http fetch GET 200 https://registry.npmjs.org/chalk-template 68ms (cache miss)
46 silly packumentCache full:https://registry.npmjs.org/chalk-template set size:undefined disposed:false
47 silly fetch manifest serve-handler@6.1.7
48 silly packumentCache full:https://registry.npmjs.org/serve-handler cache-miss
49 http fetch GET 200 https://registry.npmjs.org/arg 74ms (cache miss)
50 silly packumentCache full:https://registry.npmjs.org/arg set size:undefined disposed:false
51 silly fetch manifest update-check@1.5.4
52 silly packumentCache full:https://registry.npmjs.org/update-check cache-miss
53 http fetch GET 200 https://registry.npmjs.org/clipboardy 79ms (cache miss)
54 silly packumentCache full:https://registry.npmjs.org/clipboardy set size:undefined disposed:false
55 http fetch GET 200 https://registry.npmjs.org/chalk 81ms (cache miss)
56 silly packumentCache full:https://registry.npmjs.org/chalk set size:undefined disposed:false
57 http fetch GET 200 https://registry.npmjs.org/compression 36ms (cache miss)
58 silly packumentCache full:https://registry.npmjs.org/compression set size:undefined disposed:false
59 http fetch GET 200 https://registry.npmjs.org/boxen 84ms (cache miss)
60 silly packumentCache full:https://registry.npmjs.org/boxen set size:undefined disposed:false
61 http fetch GET 200 https://registry.npmjs.org/is-port-reachable 33ms (cache miss)
62 silly packumentCache full:https://registry.npmjs.org/is-port-reachable set size:undefined disposed:false
63 http fetch GET 200 https://registry.npmjs.org/serve-handler 34ms (cache miss)
64 silly packumentCache full:https://registry.npmjs.org/serve-handler set size:undefined disposed:false
65 http fetch GET 200 https://registry.npmjs.org/update-check 46ms (cache miss)
66 silly packumentCache full:https://registry.npmjs.org/update-check set size:undefined disposed:false
67 silly placeDep ROOT @zeit/schemas@2.36.0 OK for: serve@14.2.6 want: 2.36.0
68 silly placeDep ROOT ajv@8.18.0 OK for: serve@14.2.6 want: 8.18.0
69 silly placeDep ROOT arg@5.0.2 OK for: serve@14.2.6 want: 5.0.2
70 silly placeDep ROOT boxen@7.0.0 OK for: serve@14.2.6 want: 7.0.0
71 silly placeDep ROOT chalk@5.0.1 OK for: serve@14.2.6 want: 5.0.1
72 silly placeDep ROOT chalk-template@0.4.0 OK for: serve@14.2.6 want: 0.4.0
73 silly placeDep ROOT clipboardy@3.0.0 OK for: serve@14.2.6 want: 3.0.0
74 silly placeDep ROOT compression@1.8.1 OK for: serve@14.2.6 want: 1.8.1
75 silly placeDep ROOT is-port-reachable@4.0.0 OK for: serve@14.2.6 want: 4.0.0
76 silly placeDep ROOT serve-handler@6.1.7 OK for: serve@14.2.6 want: 6.1.7
77 silly placeDep ROOT update-check@1.5.4 OK for: serve@14.2.6 want: 1.5.4
78 silly fetch manifest fast-uri@^3.0.1
79 silly packumentCache full:https://registry.npmjs.org/fast-uri cache-miss
80 silly fetch manifest fast-deep-equal@^3.1.3
81 silly packumentCache full:https://registry.npmjs.org/fast-deep-equal cache-miss
82 silly fetch manifest require-from-string@^2.0.2
83 silly packumentCache full:https://registry.npmjs.org/require-from-string cache-miss
84 silly fetch manifest json-schema-traverse@^1.0.0
85 silly packumentCache full:https://registry.npmjs.org/json-schema-traverse cache-miss
86 silly fetch manifest chalk@^5.0.1
87 silly packumentCache full:https://registry.npmjs.org/chalk cache-miss
88 silly fetch manifest camelcase@^7.0.0
89 silly packumentCache full:https://registry.npmjs.org/camelcase cache-miss
90 silly fetch manifest cli-boxes@^3.0.0
91 silly packumentCache full:https://registry.npmjs.org/cli-boxes cache-miss
92 http cache https://registry.npmjs.org/chalk 4ms (cache hit)
93 silly packumentCache full:https://registry.npmjs.org/chalk set size:117861 disposed:false
94 silly fetch manifest type-fest@^2.13.0
95 silly packumentCache full:https://registry.npmjs.org/type-fest cache-miss
96 http fetch GET 200 https://registry.npmjs.org/require-from-string 27ms (cache miss)
97 silly packumentCache full:https://registry.npmjs.org/require-from-string set size:undefined disposed:false
98 silly fetch manifest wrap-ansi@^8.0.1
99 silly packumentCache full:https://registry.npmjs.org/wrap-ansi cache-miss
100 http fetch GET 200 https://registry.npmjs.org/fast-uri 33ms (cache miss)
101 silly packumentCache full:https://registry.npmjs.org/fast-uri set size:undefined disposed:false
102 silly fetch manifest ansi-align@^3.0.1
103 silly packumentCache full:https://registry.npmjs.org/ansi-align cache-miss
104 http fetch GET 200 https://registry.npmjs.org/camelcase 37ms (cache miss)
105 silly packumentCache full:https://registry.npmjs.org/camelcase set size:undefined disposed:false
106 silly fetch manifest widest-line@^4.0.1
107 silly packumentCache full:https://registry.npmjs.org/widest-line cache-miss
108 http fetch GET 200 https://registry.npmjs.org/cli-boxes 39ms (cache miss)
109 silly packumentCache full:https://registry.npmjs.org/cli-boxes set size:undefined disposed:false
110 silly fetch manifest string-width@^5.1.2
111 silly packumentCache full:https://registry.npmjs.org/string-width cache-miss
112 http fetch GET 200 https://registry.npmjs.org/json-schema-traverse 41ms (cache miss)
113 silly packumentCache full:https://registry.npmjs.org/json-schema-traverse set size:undefined disposed:false
114 silly fetch manifest chalk@^4.1.2
115 silly packumentCache full:https://registry.npmjs.org/chalk cache-hit
116 silly fetch manifest arch@^2.2.0
117 silly packumentCache full:https://registry.npmjs.org/arch cache-miss
118 http fetch GET 200 https://registry.npmjs.org/fast-deep-equal 42ms (cache miss)
119 silly packumentCache full:https://registry.npmjs.org/fast-deep-equal set size:undefined disposed:false
120 silly fetch manifest execa@^5.1.1
121 silly packumentCache full:https://registry.npmjs.org/execa cache-miss
122 http fetch GET 200 https://registry.npmjs.org/type-fest 54ms (cache miss)
123 silly packumentCache full:https://registry.npmjs.org/type-fest set size:undefined disposed:false
124 silly fetch manifest is-wsl@^2.2.0
125 silly packumentCache full:https://registry.npmjs.org/is-wsl cache-miss
126 http fetch GET 200 https://registry.npmjs.org/ansi-align 31ms (cache miss)
127 silly packumentCache full:https://registry.npmjs.org/ansi-align set size:undefined disposed:false
128 silly fetch manifest bytes@3.1.2
129 silly packumentCache full:https://registry.npmjs.org/bytes cache-miss
130 http fetch GET 200 https://registry.npmjs.org/wrap-ansi 37ms (cache miss)
131 silly packumentCache full:https://registry.npmjs.org/wrap-ansi set size:undefined disposed:false
132 silly fetch manifest compressible@~2.0.18
133 silly packumentCache full:https://registry.npmjs.org/compressible cache-miss
134 http fetch GET 200 https://registry.npmjs.org/widest-line 36ms (cache miss)
135 silly packumentCache full:https://registry.npmjs.org/widest-line set size:undefined disposed:false
136 silly fetch manifest debug@2.6.9
137 silly packumentCache full:https://registry.npmjs.org/debug cache-miss
138 http fetch GET 200 https://registry.npmjs.org/arch 35ms (cache miss)
139 silly packumentCache full:https://registry.npmjs.org/arch set size:undefined disposed:false
140 silly fetch manifest negotiator@~0.6.4
141 silly packumentCache full:https://registry.npmjs.org/negotiator cache-miss
142 http fetch GET 200 https://registry.npmjs.org/string-width 37ms (cache miss)
143 silly packumentCache full:https://registry.npmjs.org/string-width set size:undefined disposed:false
144 silly fetch manifest on-headers@~1.1.0
145 silly packumentCache full:https://registry.npmjs.org/on-headers cache-miss
146 http fetch GET 200 https://registry.npmjs.org/execa 42ms (cache miss)
147 silly packumentCache full:https://registry.npmjs.org/execa set size:undefined disposed:false
148 silly fetch manifest safe-buffer@5.2.1
149 silly packumentCache full:https://registry.npmjs.org/safe-buffer cache-miss
150 http fetch GET 200 https://registry.npmjs.org/is-wsl 39ms (cache miss)
151 silly packumentCache full:https://registry.npmjs.org/is-wsl set size:undefined disposed:false
152 silly fetch manifest vary@~1.1.2
153 silly packumentCache full:https://registry.npmjs.org/vary cache-miss
154 http fetch GET 200 https://registry.npmjs.org/bytes 37ms (cache miss)
155 silly packumentCache full:https://registry.npmjs.org/bytes set size:undefined disposed:false
156 silly fetch manifest bytes@3.0.0
157 silly packumentCache full:https://registry.npmjs.org/bytes cache-miss
158 http cache https://registry.npmjs.org/bytes 2ms (cache hit)
159 silly packumentCache full:https://registry.npmjs.org/bytes set size:37018 disposed:false
160 silly fetch manifest content-disposition@0.5.2
161 silly packumentCache full:https://registry.npmjs.org/content-disposition cache-miss
162 http fetch GET 200 https://registry.npmjs.org/vary 97ms (cache miss)
163 silly packumentCache full:https://registry.npmjs.org/vary set size:undefined disposed:false
164 silly fetch manifest mime-types@2.1.18
165 silly packumentCache full:https://registry.npmjs.org/mime-types cache-miss
166 http fetch GET 200 https://registry.npmjs.org/negotiator 123ms (cache miss)
167 silly packumentCache full:https://registry.npmjs.org/negotiator set size:undefined disposed:false
168 silly fetch manifest minimatch@3.1.5
169 silly packumentCache full:https://registry.npmjs.org/minimatch cache-miss
170 http fetch GET 200 https://registry.npmjs.org/on-headers 123ms (cache miss)
171 silly packumentCache full:https://registry.npmjs.org/on-headers set size:undefined disposed:false
172 silly fetch manifest path-is-inside@1.0.2
173 silly packumentCache full:https://registry.npmjs.org/path-is-inside cache-miss
174 http fetch GET 200 https://registry.npmjs.org/safe-buffer 116ms (cache miss)
175 silly packumentCache full:https://registry.npmjs.org/safe-buffer set size:undefined disposed:false
176 silly fetch manifest path-to-regexp@3.3.0
177 silly packumentCache full:https://registry.npmjs.org/path-to-regexp cache-miss
178 http fetch GET 200 https://registry.npmjs.org/compressible 136ms (cache miss)
179 silly packumentCache full:https://registry.npmjs.org/compressible set size:undefined disposed:false
180 silly fetch manifest range-parser@1.2.0
181 silly packumentCache full:https://registry.npmjs.org/range-parser cache-miss
182 http fetch GET 200 https://registry.npmjs.org/debug 130ms (cache miss)
183 silly packumentCache full:https://registry.npmjs.org/debug set size:undefined disposed:false
184 silly fetch manifest registry-auth-token@3.3.2
185 silly packumentCache full:https://registry.npmjs.org/registry-auth-token cache-miss
186 http fetch GET 200 https://registry.npmjs.org/content-disposition 112ms (cache miss)
187 silly packumentCache full:https://registry.npmjs.org/content-disposition set size:undefined disposed:false
188 silly fetch manifest registry-url@3.1.0
189 silly packumentCache full:https://registry.npmjs.org/registry-url cache-miss
190 http fetch GET 200 https://registry.npmjs.org/path-is-inside 46ms (cache miss)
191 silly packumentCache full:https://registry.npmjs.org/path-is-inside set size:undefined disposed:false
192 http fetch GET 200 https://registry.npmjs.org/minimatch 46ms (cache miss)
193 silly packumentCache full:https://registry.npmjs.org/minimatch set size:undefined disposed:false
194 http fetch GET 200 https://registry.npmjs.org/registry-auth-token 42ms (cache miss)
195 silly packumentCache full:https://registry.npmjs.org/registry-auth-token set size:undefined disposed:false
196 http fetch GET 200 https://registry.npmjs.org/path-to-regexp 47ms (cache miss)
197 silly packumentCache full:https://registry.npmjs.org/path-to-regexp set size:undefined disposed:false
198 http fetch GET 200 https://registry.npmjs.org/registry-url 33ms (cache miss)
199 silly packumentCache full:https://registry.npmjs.org/registry-url set size:undefined disposed:false
200 http fetch GET 200 https://registry.npmjs.org/range-parser 48ms (cache miss)
201 silly packumentCache full:https://registry.npmjs.org/range-parser set size:undefined disposed:false
202 http fetch GET 200 https://registry.npmjs.org/mime-types 52ms (cache miss)
203 silly packumentCache full:https://registry.npmjs.org/mime-types set size:undefined disposed:false
204 silly placeDep ROOT fast-deep-equal@3.1.3 OK for: ajv@8.18.0 want: ^3.1.3
205 silly placeDep ROOT fast-uri@3.1.0 OK for: ajv@8.18.0 want: ^3.0.1
206 silly placeDep ROOT json-schema-traverse@1.0.0 OK for: ajv@8.18.0 want: ^1.0.0
207 silly placeDep ROOT require-from-string@2.0.2 OK for: ajv@8.18.0 want: ^2.0.2
208 silly placeDep ROOT ansi-align@3.0.1 OK for: boxen@7.0.0 want: ^3.0.1
209 silly placeDep ROOT camelcase@7.0.1 OK for: boxen@7.0.0 want: ^7.0.0
210 silly placeDep ROOT cli-boxes@3.0.0 OK for: boxen@7.0.0 want: ^3.0.0
211 silly placeDep ROOT string-width@5.1.2 OK for: boxen@7.0.0 want: ^5.1.2
212 silly placeDep ROOT type-fest@2.19.0 OK for: boxen@7.0.0 want: ^2.13.0
213 silly placeDep ROOT widest-line@4.0.1 OK for: boxen@7.0.0 want: ^4.0.1
214 silly placeDep ROOT wrap-ansi@8.1.0 OK for: boxen@7.0.0 want: ^8.0.1
215 silly fetch manifest string-width@^4.1.0
216 silly packumentCache full:https://registry.npmjs.org/string-width cache-miss
217 silly fetch manifest strip-ansi@^7.0.1
218 silly packumentCache full:https://registry.npmjs.org/strip-ansi cache-miss
219 silly fetch manifest emoji-regex@^9.2.2
220 silly packumentCache full:https://registry.npmjs.org/emoji-regex cache-miss
221 silly fetch manifest eastasianwidth@^0.2.0
222 silly packumentCache full:https://registry.npmjs.org/eastasianwidth cache-miss
223 silly fetch manifest strip-ansi@^7.0.1
224 silly packumentCache full:https://registry.npmjs.org/strip-ansi cache-miss
225 silly fetch manifest ansi-styles@^6.1.0
226 silly packumentCache full:https://registry.npmjs.org/ansi-styles cache-miss
227 http cache https://registry.npmjs.org/string-width 2ms (cache hit)
228 silly packumentCache full:https://registry.npmjs.org/string-width set size:68305 disposed:false
229 http fetch GET 200 https://registry.npmjs.org/strip-ansi 26ms (cache miss)
230 silly packumentCache full:https://registry.npmjs.org/strip-ansi set size:undefined disposed:false
231 http fetch GET 200 https://registry.npmjs.org/strip-ansi 30ms (cache miss)
232 silly packumentCache full:https://registry.npmjs.org/strip-ansi set size:undefined disposed:false
233 http fetch GET 200 https://registry.npmjs.org/eastasianwidth 38ms (cache miss)
234 silly packumentCache full:https://registry.npmjs.org/eastasianwidth set size:undefined disposed:false
235 http fetch GET 200 https://registry.npmjs.org/emoji-regex 39ms (cache miss)
236 silly packumentCache full:https://registry.npmjs.org/emoji-regex set size:undefined disposed:false
237 http fetch GET 200 https://registry.npmjs.org/ansi-styles 40ms (cache miss)
238 silly packumentCache full:https://registry.npmjs.org/ansi-styles set size:undefined disposed:false
239 silly placeDep node_modules/ansi-align string-width@4.2.3 OK for: ansi-align@3.0.1 want: ^4.1.0
240 silly fetch manifest strip-ansi@^6.0.1
241 silly packumentCache full:https://registry.npmjs.org/strip-ansi cache-miss
242 silly fetch manifest emoji-regex@^8.0.0
243 silly packumentCache full:https://registry.npmjs.org/emoji-regex cache-miss
244 silly fetch manifest is-fullwidth-code-point@^3.0.0
245 silly packumentCache full:https://registry.npmjs.org/is-fullwidth-code-point cache-miss
246 http cache https://registry.npmjs.org/strip-ansi 2ms (cache hit)
247 silly packumentCache full:https://registry.npmjs.org/strip-ansi set size:44998 disposed:false
248 http cache https://registry.npmjs.org/emoji-regex 2ms (cache hit)
249 silly packumentCache full:https://registry.npmjs.org/emoji-regex set size:89088 disposed:false
250 http fetch GET 200 https://registry.npmjs.org/is-fullwidth-code-point 36ms (cache miss)
251 silly packumentCache full:https://registry.npmjs.org/is-fullwidth-code-point set size:undefined disposed:false
252 silly placeDep node_modules/chalk-template chalk@4.1.2 OK for: chalk-template@0.4.0 want: ^4.1.2
253 silly fetch manifest ansi-styles@^4.1.0
254 silly packumentCache full:https://registry.npmjs.org/ansi-styles cache-miss
255 silly fetch manifest supports-color@^7.1.0
256 silly packumentCache full:https://registry.npmjs.org/supports-color cache-miss
257 http cache https://registry.npmjs.org/ansi-styles 4ms (cache hit)
258 silly packumentCache full:https://registry.npmjs.org/ansi-styles set size:63233 disposed:false
259 http fetch GET 200 https://registry.npmjs.org/supports-color 42ms (cache miss)
260 silly packumentCache full:https://registry.npmjs.org/supports-color set size:undefined disposed:false
261 silly placeDep ROOT arch@2.2.0 OK for: clipboardy@3.0.0 want: ^2.2.0
262 silly placeDep ROOT execa@5.1.1 OK for: clipboardy@3.0.0 want: ^5.1.1
263 silly placeDep ROOT is-wsl@2.2.0 OK for: clipboardy@3.0.0 want: ^2.2.0
264 silly fetch manifest onetime@^5.1.2
265 silly packumentCache full:https://registry.npmjs.org/onetime cache-miss
266 silly fetch manifest is-stream@^2.0.0
267 silly packumentCache full:https://registry.npmjs.org/is-stream cache-miss
268 silly fetch manifest get-stream@^6.0.0
269 silly packumentCache full:https://registry.npmjs.org/get-stream cache-miss
270 silly fetch manifest cross-spawn@^7.0.3
271 silly packumentCache full:https://registry.npmjs.org/cross-spawn cache-miss
272 silly fetch manifest signal-exit@^3.0.3
273 silly packumentCache full:https://registry.npmjs.org/signal-exit cache-miss
274 silly fetch manifest merge-stream@^2.0.0
275 silly packumentCache full:https://registry.npmjs.org/merge-stream cache-miss
276 silly fetch manifest npm-run-path@^4.0.1
277 silly packumentCache full:https://registry.npmjs.org/npm-run-path cache-miss
278 http fetch GET 200 https://registry.npmjs.org/onetime 31ms (cache miss)
279 silly packumentCache full:https://registry.npmjs.org/onetime set size:undefined disposed:false
280 silly fetch manifest human-signals@^2.1.0
281 silly packumentCache full:https://registry.npmjs.org/human-signals cache-miss
282 http fetch GET 200 https://registry.npmjs.org/signal-exit 34ms (cache miss)
283 silly packumentCache full:https://registry.npmjs.org/signal-exit set size:undefined disposed:false
284 silly fetch manifest strip-final-newline@^2.0.0
285 silly packumentCache full:https://registry.npmjs.org/strip-final-newline cache-miss
286 http fetch GET 200 https://registry.npmjs.org/is-stream 40ms (cache miss)
287 silly packumentCache full:https://registry.npmjs.org/is-stream set size:undefined disposed:false
288 silly fetch manifest is-docker@^2.0.0
289 silly packumentCache full:https://registry.npmjs.org/is-docker cache-miss
290 http fetch GET 200 https://registry.npmjs.org/get-stream 43ms (cache miss)
291 silly packumentCache full:https://registry.npmjs.org/get-stream set size:undefined disposed:false
292 http fetch GET 200 https://registry.npmjs.org/merge-stream 44ms (cache miss)
293 silly packumentCache full:https://registry.npmjs.org/merge-stream set size:undefined disposed:false
294 http fetch GET 200 https://registry.npmjs.org/cross-spawn 51ms (cache miss)
295 silly packumentCache full:https://registry.npmjs.org/cross-spawn set size:undefined disposed:false
296 http fetch GET 200 https://registry.npmjs.org/npm-run-path 57ms (cache miss)
297 silly packumentCache full:https://registry.npmjs.org/npm-run-path set size:undefined disposed:false
298 http fetch GET 200 https://registry.npmjs.org/strip-final-newline 27ms (cache miss)
299 silly packumentCache full:https://registry.npmjs.org/strip-final-newline set size:undefined disposed:false
300 http fetch GET 200 https://registry.npmjs.org/human-signals 36ms (cache miss)
301 silly packumentCache full:https://registry.npmjs.org/human-signals set size:undefined disposed:false
302 http fetch GET 200 https://registry.npmjs.org/is-docker 29ms (cache miss)
303 silly packumentCache full:https://registry.npmjs.org/is-docker set size:undefined disposed:false
304 silly placeDep ROOT bytes@3.1.2 OK for: compression@1.8.1 want: 3.1.2
305 silly placeDep ROOT compressible@2.0.18 OK for: compression@1.8.1 want: ~2.0.18
306 silly placeDep ROOT debug@2.6.9 OK for: compression@1.8.1 want: 2.6.9
307 silly placeDep ROOT negotiator@0.6.4 OK for: compression@1.8.1 want: ~0.6.4
308 silly placeDep ROOT on-headers@1.1.0 OK for: compression@1.8.1 want: ~1.1.0
309 silly placeDep ROOT safe-buffer@5.2.1 OK for: compression@1.8.1 want: 5.2.1
310 silly placeDep ROOT vary@1.1.2 OK for: compression@1.8.1 want: ~1.1.2
311 silly fetch manifest mime-db@>= 1.43.0 < 2
312 silly packumentCache full:https://registry.npmjs.org/mime-db cache-miss
313 silly fetch manifest ms@2.0.0
314 silly packumentCache full:https://registry.npmjs.org/ms cache-miss
315 http fetch GET 200 https://registry.npmjs.org/mime-db 40ms (cache miss)
316 silly packumentCache full:https://registry.npmjs.org/mime-db set size:undefined disposed:false
317 http fetch GET 200 https://registry.npmjs.org/ms 42ms (cache miss)
318 silly packumentCache full:https://registry.npmjs.org/ms set size:undefined disposed:false
319 silly placeDep ROOT mime-db@1.54.0 OK for: compressible@2.0.18 want: >= 1.43.0 < 2
320 silly placeDep ROOT ms@2.0.0 OK for: debug@2.6.9 want: 2.0.0
321 silly placeDep ROOT cross-spawn@7.0.6 OK for: execa@5.1.1 want: ^7.0.3
322 silly placeDep ROOT get-stream@6.0.1 OK for: execa@5.1.1 want: ^6.0.0
323 silly placeDep ROOT human-signals@2.1.0 OK for: execa@5.1.1 want: ^2.1.0
324 silly placeDep ROOT is-stream@2.0.1 OK for: execa@5.1.1 want: ^2.0.0
325 silly placeDep ROOT merge-stream@2.0.0 OK for: execa@5.1.1 want: ^2.0.0
326 silly placeDep ROOT npm-run-path@4.0.1 OK for: execa@5.1.1 want: ^4.0.1
327 silly placeDep ROOT onetime@5.1.2 OK for: execa@5.1.1 want: ^5.1.2
328 silly placeDep ROOT signal-exit@3.0.7 OK for: execa@5.1.1 want: ^3.0.3
329 silly placeDep ROOT strip-final-newline@2.0.0 OK for: execa@5.1.1 want: ^2.0.0
330 silly fetch manifest which@^2.0.1
331 silly packumentCache full:https://registry.npmjs.org/which cache-miss
332 silly fetch manifest path-key@^3.1.0
333 silly packumentCache full:https://registry.npmjs.org/path-key cache-miss
334 silly fetch manifest shebang-command@^2.0.0
335 silly packumentCache full:https://registry.npmjs.org/shebang-command cache-miss
336 silly fetch manifest path-key@^3.0.0
337 silly packumentCache full:https://registry.npmjs.org/path-key cache-miss
338 silly fetch manifest mimic-fn@^2.1.0
339 silly packumentCache full:https://registry.npmjs.org/mimic-fn cache-miss
340 http fetch GET 200 https://registry.npmjs.org/shebang-command 30ms (cache miss)
341 silly packumentCache full:https://registry.npmjs.org/shebang-command set size:undefined disposed:false
342 http fetch GET 200 https://registry.npmjs.org/path-key 30ms (cache miss)
343 silly packumentCache full:https://registry.npmjs.org/path-key set size:undefined disposed:false
344 http fetch GET 200 https://registry.npmjs.org/path-key 35ms (cache miss)
345 silly packumentCache full:https://registry.npmjs.org/path-key set size:undefined disposed:false
346 http fetch GET 200 https://registry.npmjs.org/mimic-fn 37ms (cache miss)
347 silly packumentCache full:https://registry.npmjs.org/mimic-fn set size:undefined disposed:false
348 http fetch GET 200 https://registry.npmjs.org/which 41ms (cache miss)
349 silly packumentCache full:https://registry.npmjs.org/which set size:undefined disposed:false
350 silly placeDep ROOT path-key@3.1.1 OK for: cross-spawn@7.0.6 want: ^3.1.0
351 silly placeDep ROOT shebang-command@2.0.0 OK for: cross-spawn@7.0.6 want: ^2.0.0
352 silly placeDep ROOT which@2.0.2 OK for: cross-spawn@7.0.6 want: ^2.0.1
353 silly fetch manifest shebang-regex@^3.0.0
354 silly packumentCache full:https://registry.npmjs.org/shebang-regex cache-miss
355 silly fetch manifest isexe@^2.0.0
356 silly packumentCache full:https://registry.npmjs.org/isexe cache-miss
357 http fetch GET 200 https://registry.npmjs.org/isexe 32ms (cache miss)
358 silly packumentCache full:https://registry.npmjs.org/isexe set size:undefined disposed:false
359 http fetch GET 200 https://registry.npmjs.org/shebang-regex 36ms (cache miss)
360 silly packumentCache full:https://registry.npmjs.org/shebang-regex set size:undefined disposed:false
361 silly placeDep ROOT is-docker@2.2.1 OK for: is-wsl@2.2.0 want: ^2.0.0
362 silly placeDep ROOT mimic-fn@2.1.0 OK for: onetime@5.1.2 want: ^2.1.0
363 silly placeDep node_modules/serve-handler bytes@3.0.0 OK for: serve-handler@6.1.7 want: 3.0.0
364 silly placeDep ROOT content-disposition@0.5.2 OK for: serve-handler@6.1.7 want: 0.5.2
365 silly placeDep ROOT mime-types@2.1.18 OK for: serve-handler@6.1.7 want: 2.1.18
366 silly placeDep ROOT minimatch@3.1.5 OK for: serve-handler@6.1.7 want: 3.1.5
367 silly placeDep ROOT path-is-inside@1.0.2 OK for: serve-handler@6.1.7 want: 1.0.2
368 silly placeDep ROOT path-to-regexp@3.3.0 OK for: serve-handler@6.1.7 want: 3.3.0
369 silly placeDep ROOT range-parser@1.2.0 OK for: serve-handler@6.1.7 want: 1.2.0
370 silly fetch manifest mime-db@~1.33.0
371 silly packumentCache full:https://registry.npmjs.org/mime-db cache-miss
372 silly fetch manifest brace-expansion@^1.1.7
373 silly packumentCache full:https://registry.npmjs.org/brace-expansion cache-miss
374 http cache https://registry.npmjs.org/mime-db 3ms (cache hit)
375 silly packumentCache full:https://registry.npmjs.org/mime-db set size:164953 disposed:false
376 http fetch GET 200 https://registry.npmjs.org/brace-expansion 31ms (cache miss)
377 silly packumentCache full:https://registry.npmjs.org/brace-expansion set size:undefined disposed:false
378 silly placeDep node_modules/mime-types mime-db@1.33.0 OK for: mime-types@2.1.18 want: ~1.33.0
379 silly placeDep ROOT brace-expansion@1.1.12 OK for: minimatch@3.1.5 want: ^1.1.7
380 silly fetch manifest concat-map@0.0.1
381 silly packumentCache full:https://registry.npmjs.org/concat-map cache-miss
382 silly fetch manifest balanced-match@^1.0.0
383 silly packumentCache full:https://registry.npmjs.org/balanced-match cache-miss
384 http fetch GET 200 https://registry.npmjs.org/balanced-match 110ms (cache miss)
385 silly packumentCache full:https://registry.npmjs.org/balanced-match set size:undefined disposed:false
386 http fetch GET 200 https://registry.npmjs.org/concat-map 111ms (cache miss)
387 silly packumentCache full:https://registry.npmjs.org/concat-map set size:undefined disposed:false
388 silly placeDep ROOT balanced-match@1.0.2 OK for: brace-expansion@1.1.12 want: ^1.0.0
389 silly placeDep ROOT concat-map@0.0.1 OK for: brace-expansion@1.1.12 want: 0.0.1
390 silly placeDep ROOT shebang-regex@3.0.0 OK for: shebang-command@2.0.0 want: ^3.0.0
391 silly placeDep ROOT eastasianwidth@0.2.0 OK for: string-width@5.1.2 want: ^0.2.0
392 silly placeDep ROOT emoji-regex@9.2.2 OK for: string-width@5.1.2 want: ^9.2.2
393 silly placeDep ROOT strip-ansi@7.2.0 OK for: string-width@5.1.2 want: ^7.0.1
394 silly fetch manifest ansi-regex@^6.2.2
395 silly packumentCache full:https://registry.npmjs.org/ansi-regex cache-miss
396 http fetch GET 200 https://registry.npmjs.org/ansi-regex 30ms (cache miss)
397 silly packumentCache full:https://registry.npmjs.org/ansi-regex set size:undefined disposed:false
398 silly placeDep ROOT ansi-regex@6.2.2 OK for: strip-ansi@7.2.0 want: ^6.2.2
399 silly placeDep ROOT registry-auth-token@3.3.2 OK for: update-check@1.5.4 want: 3.3.2
400 silly placeDep ROOT registry-url@3.1.0 OK for: update-check@1.5.4 want: 3.1.0
401 silly fetch manifest rc@^1.1.6
402 silly packumentCache full:https://registry.npmjs.org/rc cache-miss
403 silly fetch manifest rc@^1.0.1
404 silly packumentCache full:https://registry.npmjs.org/rc cache-miss
405 http fetch GET 200 https://registry.npmjs.org/rc 38ms (cache miss)
406 silly packumentCache full:https://registry.npmjs.org/rc set size:undefined disposed:false
407 http fetch GET 200 https://registry.npmjs.org/rc 39ms (cache miss)
408 silly packumentCache full:https://registry.npmjs.org/rc set size:undefined disposed:false
409 silly placeDep ROOT rc@1.2.8 OK for: registry-auth-token@3.3.2 want: ^1.1.6
410 silly fetch manifest ini@~1.3.0
411 silly packumentCache full:https://registry.npmjs.org/ini cache-miss
412 silly fetch manifest minimist@^1.2.0
413 silly packumentCache full:https://registry.npmjs.org/minimist cache-miss
414 silly fetch manifest deep-extend@^0.6.0
415 silly packumentCache full:https://registry.npmjs.org/deep-extend cache-miss
416 silly fetch manifest strip-json-comments@~2.0.1
417 silly packumentCache full:https://registry.npmjs.org/strip-json-comments cache-miss
418 http fetch GET 200 https://registry.npmjs.org/deep-extend 33ms (cache miss)
419 silly packumentCache full:https://registry.npmjs.org/deep-extend set size:undefined disposed:false
420 http fetch GET 200 https://registry.npmjs.org/ini 36ms (cache miss)
421 silly packumentCache full:https://registry.npmjs.org/ini set size:undefined disposed:false
422 http fetch GET 200 https://registry.npmjs.org/strip-json-comments 45ms (cache miss)
423 silly packumentCache full:https://registry.npmjs.org/strip-json-comments set size:undefined disposed:false
424 http fetch GET 200 https://registry.npmjs.org/minimist 46ms (cache miss)
425 silly packumentCache full:https://registry.npmjs.org/minimist set size:undefined disposed:false
426 silly placeDep ROOT deep-extend@0.6.0 OK for: rc@1.2.8 want: ^0.6.0
427 silly placeDep ROOT ini@1.3.8 OK for: rc@1.2.8 want: ~1.3.0
428 silly placeDep ROOT minimist@1.2.8 OK for: rc@1.2.8 want: ^1.2.0
429 silly placeDep ROOT strip-json-comments@2.0.1 OK for: rc@1.2.8 want: ~2.0.1
430 silly placeDep ROOT isexe@2.0.0 OK for: which@2.0.2 want: ^2.0.0
431 silly placeDep ROOT ansi-styles@6.2.3 OK for: wrap-ansi@8.1.0 want: ^6.1.0
432 silly placeDep node_modules/ansi-align emoji-regex@8.0.0 OK for: string-width@4.2.3 want: ^8.0.0
433 silly placeDep ROOT is-fullwidth-code-point@3.0.0 OK for: string-width@4.2.3 want: ^3.0.0
434 silly placeDep node_modules/ansi-align strip-ansi@6.0.1 OK for: string-width@4.2.3 want: ^6.0.1
435 silly fetch manifest ansi-regex@^5.0.1
436 silly packumentCache full:https://registry.npmjs.org/ansi-regex cache-miss
437 http cache https://registry.npmjs.org/ansi-regex 3ms (cache hit)
438 silly packumentCache full:https://registry.npmjs.org/ansi-regex set size:43572 disposed:false
439 silly placeDep node_modules/ansi-align ansi-regex@5.0.1 OK for: strip-ansi@6.0.1 want: ^5.0.1
440 silly placeDep node_modules/chalk-template ansi-styles@4.3.0 OK for: chalk@4.1.2 want: ^4.1.0
441 silly placeDep ROOT supports-color@7.2.0 OK for: chalk@4.1.2 want: ^7.1.0
442 silly fetch manifest color-convert@^2.0.1
443 silly packumentCache full:https://registry.npmjs.org/color-convert cache-miss
444 silly fetch manifest has-flag@^4.0.0
445 silly packumentCache full:https://registry.npmjs.org/has-flag cache-miss
446 http fetch GET 200 https://registry.npmjs.org/color-convert 30ms (cache miss)
447 silly packumentCache full:https://registry.npmjs.org/color-convert set size:undefined disposed:false
448 http fetch GET 200 https://registry.npmjs.org/has-flag 39ms (cache miss)
449 silly packumentCache full:https://registry.npmjs.org/has-flag set size:undefined disposed:false
450 silly placeDep ROOT has-flag@4.0.0 OK for: supports-color@7.2.0 want: ^4.0.0
451 silly placeDep ROOT color-convert@2.0.1 OK for: ansi-styles@4.3.0 want: ^2.0.1
452 silly fetch manifest color-name@~1.1.4
453 silly packumentCache full:https://registry.npmjs.org/color-name cache-miss
454 http fetch GET 200 https://registry.npmjs.org/color-name 35ms (cache miss)
455 silly packumentCache full:https://registry.npmjs.org/color-name set size:undefined disposed:false
456 silly placeDep ROOT color-name@1.1.4 OK for: color-convert@2.0.1 want: ~1.1.4
457 silly reify moves {}
458 silly audit bulk request {
458 silly audit   serve: [ '14.2.6' ],
458 silly audit   '@zeit/schemas': [ '2.36.0' ],
458 silly audit   ajv: [ '8.18.0' ],
458 silly audit   arg: [ '5.0.2' ],
458 silly audit   boxen: [ '7.0.0' ],
458 silly audit   chalk: [ '5.0.1', '4.1.2' ],
458 silly audit   'chalk-template': [ '0.4.0' ],
458 silly audit   clipboardy: [ '3.0.0' ],
458 silly audit   compression: [ '1.8.1' ],
458 silly audit   'is-port-reachable': [ '4.0.0' ],
458 silly audit   'serve-handler': [ '6.1.7' ],
458 silly audit   'update-check': [ '1.5.4' ],
458 silly audit   'fast-deep-equal': [ '3.1.3' ],
458 silly audit   'fast-uri': [ '3.1.0' ],
458 silly audit   'json-schema-traverse': [ '1.0.0' ],
458 silly audit   'require-from-string': [ '2.0.2' ],
458 silly audit   'ansi-align': [ '3.0.1' ],
458 silly audit   camelcase: [ '7.0.1' ],
458 silly audit   'cli-boxes': [ '3.0.0' ],
458 silly audit   'string-width': [ '5.1.2', '4.2.3' ],
458 silly audit   'type-fest': [ '2.19.0' ],
458 silly audit   'widest-line': [ '4.0.1' ],
458 silly audit   'wrap-ansi': [ '8.1.0' ],
458 silly audit   arch: [ '2.2.0' ],
458 silly audit   execa: [ '5.1.1' ],
458 silly audit   'is-wsl': [ '2.2.0' ],
458 silly audit   bytes: [ '3.1.2', '3.0.0' ],
458 silly audit   compressible: [ '2.0.18' ],
458 silly audit   debug: [ '2.6.9' ],
458 silly audit   negotiator: [ '0.6.4' ],
458 silly audit   'on-headers': [ '1.1.0' ],
458 silly audit   'safe-buffer': [ '5.2.1' ],
458 silly audit   vary: [ '1.1.2' ],
458 silly audit   'mime-db': [ '1.54.0', '1.33.0' ],
458 silly audit   ms: [ '2.0.0' ],
458 silly audit   'cross-spawn': [ '7.0.6' ],
458 silly audit   'get-stream': [ '6.0.1' ],
458 silly audit   'human-signals': [ '2.1.0' ],
458 silly audit   'is-stream': [ '2.0.1' ],
458 silly audit   'merge-stream': [ '2.0.0' ],
458 silly audit   'npm-run-path': [ '4.0.1' ],
458 silly audit   onetime: [ '5.1.2' ],
458 silly audit   'signal-exit': [ '3.0.7' ],
458 silly audit   'strip-final-newline': [ '2.0.0' ],
458 silly audit   'path-key': [ '3.1.1' ],
458 silly audit   'shebang-command': [ '2.0.0' ],
458 silly audit   which: [ '2.0.2' ],
458 silly audit   'is-docker': [ '2.2.1' ],
458 silly audit   'mimic-fn': [ '2.1.0' ],
458 silly audit   'content-disposition': [ '0.5.2' ],
458 silly audit   'mime-types': [ '2.1.18' ],
458 silly audit   minimatch: [ '3.1.5' ],
458 silly audit   'path-is-inside': [ '1.0.2' ],
458 silly audit   'path-to-regexp': [ '3.3.0' ],
458 silly audit   'range-parser': [ '1.2.0' ],
458 silly audit   'brace-expansion': [ '1.1.12' ],
458 silly audit   'balanced-match': [ '1.0.2' ],
458 silly audit   'concat-map': [ '0.0.1' ],
458 silly audit   'shebang-regex': [ '3.0.0' ],
458 silly audit   eastasianwidth: [ '0.2.0' ],
458 silly audit   'emoji-regex': [ '9.2.2', '8.0.0' ],
458 silly audit   'strip-ansi': [ '7.2.0', '6.0.1' ],
458 silly audit   'ansi-regex': [ '6.2.2', '5.0.1' ],
458 silly audit   'registry-auth-token': [ '3.3.2' ],
458 silly audit   'registry-url': [ '3.1.0' ],
458 silly audit   rc: [ '1.2.8' ],
458 silly audit   'deep-extend': [ '0.6.0' ],
458 silly audit   ini: [ '1.3.8' ],
458 silly audit   minimist: [ '1.2.8' ],
458 silly audit   'strip-json-comments': [ '2.0.1' ],
458 silly audit   isexe: [ '2.0.0' ],
458 silly audit   'ansi-styles': [ '6.2.3', '4.3.0' ],
458 silly audit   'is-fullwidth-code-point': [ '3.0.0' ],
458 silly audit   'supports-color': [ '7.2.0' ],
458 silly audit   'has-flag': [ '4.0.0' ],
458 silly audit   'color-convert': [ '2.0.1' ],
458 silly audit   'color-name': [ '1.1.4' ]
458 silly audit }
459 http cache is-fullwidth-code-point@https://registry.npmjs.org/is-fullwidth-code-point/-/is-fullwidth-code-point-3.0.0.tgz 0ms (cache hit)
460 http cache supports-color@https://registry.npmjs.org/supports-color/-/supports-color-7.2.0.tgz 0ms (cache hit)
461 http cache color-name@https://registry.npmjs.org/color-name/-/color-name-1.1.4.tgz 0ms (cache hit)
462 http cache has-flag@https://registry.npmjs.org/has-flag/-/has-flag-4.0.0.tgz 0ms (cache hit)
463 http cache color-convert@https://registry.npmjs.org/color-convert/-/color-convert-2.0.1.tgz 1ms (cache hit)
464 http cache strip-json-comments@https://registry.npmjs.org/strip-json-comments/-/strip-json-comments-2.0.1.tgz 0ms (cache hit)
465 http cache ansi-styles@https://registry.npmjs.org/ansi-styles/-/ansi-styles-6.2.3.tgz 0ms (cache hit)
466 http cache isexe@https://registry.npmjs.org/isexe/-/isexe-2.0.0.tgz 0ms (cache hit)
467 http cache minimist@https://registry.npmjs.org/minimist/-/minimist-1.2.8.tgz 0ms (cache hit)
468 http cache deep-extend@https://registry.npmjs.org/deep-extend/-/deep-extend-0.6.0.tgz 0ms (cache hit)
469 http cache registry-url@https://registry.npmjs.org/registry-url/-/registry-url-3.1.0.tgz 0ms (cache hit)
470 http cache registry-auth-token@https://registry.npmjs.org/registry-auth-token/-/registry-auth-token-3.3.2.tgz 0ms (cache hit)
471 http cache ini@https://registry.npmjs.org/ini/-/ini-1.3.8.tgz 0ms (cache hit)
472 http cache rc@https://registry.npmjs.org/rc/-/rc-1.2.8.tgz 0ms (cache hit)
473 http cache shebang-regex@https://registry.npmjs.org/shebang-regex/-/shebang-regex-3.0.0.tgz 0ms (cache hit)
474 http cache strip-ansi@https://registry.npmjs.org/strip-ansi/-/strip-ansi-7.2.0.tgz 0ms (cache hit)
475 http cache ansi-regex@https://registry.npmjs.org/ansi-regex/-/ansi-regex-6.2.2.tgz 0ms (cache hit)
476 http cache emoji-regex@https://registry.npmjs.org/emoji-regex/-/emoji-regex-9.2.2.tgz 0ms (cache hit)
477 http cache concat-map@https://registry.npmjs.org/concat-map/-/concat-map-0.0.1.tgz 0ms (cache hit)
478 http cache brace-expansion@https://registry.npmjs.org/brace-expansion/-/brace-expansion-1.1.12.tgz 0ms (cache hit)
479 http cache eastasianwidth@https://registry.npmjs.org/eastasianwidth/-/eastasianwidth-0.2.0.tgz 0ms (cache hit)
480 http cache path-is-inside@https://registry.npmjs.org/path-is-inside/-/path-is-inside-1.0.2.tgz 0ms (cache hit)
481 http cache path-to-regexp@https://registry.npmjs.org/path-to-regexp/-/path-to-regexp-3.3.0.tgz 0ms (cache hit)
482 http cache range-parser@https://registry.npmjs.org/range-parser/-/range-parser-1.2.0.tgz 0ms (cache hit)
483 http cache balanced-match@https://registry.npmjs.org/balanced-match/-/balanced-match-1.0.2.tgz 0ms (cache hit)
484 http cache minimatch@https://registry.npmjs.org/minimatch/-/minimatch-3.1.5.tgz 0ms (cache hit)
485 http cache is-docker@https://registry.npmjs.org/is-docker/-/is-docker-2.2.1.tgz 0ms (cache hit)
486 http cache mimic-fn@https://registry.npmjs.org/mimic-fn/-/mimic-fn-2.1.0.tgz 0ms (cache hit)
487 http cache shebang-command@https://registry.npmjs.org/shebang-command/-/shebang-command-2.0.0.tgz 0ms (cache hit)
488 http cache mime-types@https://registry.npmjs.org/mime-types/-/mime-types-2.1.18.tgz 0ms (cache hit)
489 http cache which@https://registry.npmjs.org/which/-/which-2.0.2.tgz 0ms (cache hit)
490 http cache content-disposition@https://registry.npmjs.org/content-disposition/-/content-disposition-0.5.2.tgz 0ms (cache hit)
491 http cache npm-run-path@https://registry.npmjs.org/npm-run-path/-/npm-run-path-4.0.1.tgz 0ms (cache hit)
492 http cache path-key@https://registry.npmjs.org/path-key/-/path-key-3.1.1.tgz 0ms (cache hit)
493 http cache onetime@https://registry.npmjs.org/onetime/-/onetime-5.1.2.tgz 0ms (cache hit)
494 http cache merge-stream@https://registry.npmjs.org/merge-stream/-/merge-stream-2.0.0.tgz 0ms (cache hit)
495 http cache strip-final-newline@https://registry.npmjs.org/strip-final-newline/-/strip-final-newline-2.0.0.tgz 0ms (cache hit)
496 http cache human-signals@https://registry.npmjs.org/human-signals/-/human-signals-2.1.0.tgz 0ms (cache hit)
497 http cache get-stream@https://registry.npmjs.org/get-stream/-/get-stream-6.0.1.tgz 0ms (cache hit)
498 http cache ms@https://registry.npmjs.org/ms/-/ms-2.0.0.tgz 0ms (cache hit)
499 http cache is-stream@https://registry.npmjs.org/is-stream/-/is-stream-2.0.1.tgz 0ms (cache hit)
500 http cache signal-exit@https://registry.npmjs.org/signal-exit/-/signal-exit-3.0.7.tgz 0ms (cache hit)
501 http cache safe-buffer@https://registry.npmjs.org/safe-buffer/-/safe-buffer-5.2.1.tgz 0ms (cache hit)
502 http cache cross-spawn@https://registry.npmjs.org/cross-spawn/-/cross-spawn-7.0.6.tgz 0ms (cache hit)
503 http cache vary@https://registry.npmjs.org/vary/-/vary-1.1.2.tgz 0ms (cache hit)
504 http cache on-headers@https://registry.npmjs.org/on-headers/-/on-headers-1.1.0.tgz 0ms (cache hit)
505 http cache is-wsl@https://registry.npmjs.org/is-wsl/-/is-wsl-2.2.0.tgz 0ms (cache hit)
506 http cache mime-db@https://registry.npmjs.org/mime-db/-/mime-db-1.54.0.tgz 0ms (cache hit)
507 http cache arch@https://registry.npmjs.org/arch/-/arch-2.2.0.tgz 0ms (cache hit)
508 http cache negotiator@https://registry.npmjs.org/negotiator/-/negotiator-0.6.4.tgz 0ms (cache hit)
509 http cache bytes@https://registry.npmjs.org/bytes/-/bytes-3.1.2.tgz 0ms (cache hit)
510 http cache debug@https://registry.npmjs.org/debug/-/debug-2.6.9.tgz 0ms (cache hit)
511 http cache execa@https://registry.npmjs.org/execa/-/execa-5.1.1.tgz 0ms (cache hit)
512 http cache widest-line@https://registry.npmjs.org/widest-line/-/widest-line-4.0.1.tgz 0ms (cache hit)
513 http cache compressible@https://registry.npmjs.org/compressible/-/compressible-2.0.18.tgz 0ms (cache hit)
514 http cache camelcase@https://registry.npmjs.org/camelcase/-/camelcase-7.0.1.tgz 0ms (cache hit)
515 http cache wrap-ansi@https://registry.npmjs.org/wrap-ansi/-/wrap-ansi-8.1.0.tgz 0ms (cache hit)
516 http cache ansi-align@https://registry.npmjs.org/ansi-align/-/ansi-align-3.0.1.tgz 0ms (cache hit)
517 http cache type-fest@https://registry.npmjs.org/type-fest/-/type-fest-2.19.0.tgz 0ms (cache hit)
518 http cache require-from-string@https://registry.npmjs.org/require-from-string/-/require-from-string-2.0.2.tgz 0ms (cache hit)
519 http cache json-schema-traverse@https://registry.npmjs.org/json-schema-traverse/-/json-schema-traverse-1.0.0.tgz 0ms (cache hit)
520 http cache cli-boxes@https://registry.npmjs.org/cli-boxes/-/cli-boxes-3.0.0.tgz 0ms (cache hit)
521 http cache fast-uri@https://registry.npmjs.org/fast-uri/-/fast-uri-3.1.0.tgz 0ms (cache hit)
522 http cache string-width@https://registry.npmjs.org/string-width/-/string-width-5.1.2.tgz 0ms (cache hit)
523 http cache update-check@https://registry.npmjs.org/update-check/-/update-check-1.5.4.tgz 0ms (cache hit)
524 http cache serve-handler@https://registry.npmjs.org/serve-handler/-/serve-handler-6.1.7.tgz 0ms (cache hit)
525 http cache compression@https://registry.npmjs.org/compression/-/compression-1.8.1.tgz 0ms (cache hit)
526 http cache fast-deep-equal@https://registry.npmjs.org/fast-deep-equal/-/fast-deep-equal-3.1.3.tgz 0ms (cache hit)
527 http cache is-port-reachable@https://registry.npmjs.org/is-port-reachable/-/is-port-reachable-4.0.0.tgz 0ms (cache hit)
528 http cache clipboardy@https://registry.npmjs.org/clipboardy/-/clipboardy-3.0.0.tgz 0ms (cache hit)
529 http cache ajv@https://registry.npmjs.org/ajv/-/ajv-8.18.0.tgz 0ms (cache hit)
530 http cache mime-db@https://registry.npmjs.org/mime-db/-/mime-db-1.33.0.tgz 0ms (cache hit)
531 http cache chalk-template@https://registry.npmjs.org/chalk-template/-/chalk-template-0.4.0.tgz 0ms (cache hit)
532 http cache serve@https://registry.npmjs.org/serve/-/serve-14.2.6.tgz 0ms (cache hit)
533 http cache @zeit/schemas@https://registry.npmjs.org/@zeit/schemas/-/schemas-2.36.0.tgz 0ms (cache hit)
534 http cache arg@https://registry.npmjs.org/arg/-/arg-5.0.2.tgz 0ms (cache hit)
535 http cache ansi-regex@https://registry.npmjs.org/ansi-regex/-/ansi-regex-5.0.1.tgz 0ms (cache hit)
536 http cache chalk@https://registry.npmjs.org/chalk/-/chalk-5.0.1.tgz 0ms (cache hit)
537 http cache strip-ansi@https://registry.npmjs.org/strip-ansi/-/strip-ansi-6.0.1.tgz 0ms (cache hit)
538 http cache boxen@https://registry.npmjs.org/boxen/-/boxen-7.0.0.tgz 0ms (cache hit)
539 http cache bytes@https://registry.npmjs.org/bytes/-/bytes-3.0.0.tgz 0ms (cache hit)
540 http cache string-width@https://registry.npmjs.org/string-width/-/string-width-4.2.3.tgz 0ms (cache hit)
541 http cache chalk@https://registry.npmjs.org/chalk/-/chalk-4.1.2.tgz 0ms (cache hit)
542 http cache emoji-regex@https://registry.npmjs.org/emoji-regex/-/emoji-regex-8.0.0.tgz 0ms (cache hit)
543 silly tarball no local data for is-fullwidth-code-point@https://registry.npmjs.org/is-fullwidth-code-point/-/is-fullwidth-code-point-3.0.0.tgz. Extracting by manifest.
544 silly tarball no local data for supports-color@https://registry.npmjs.org/supports-color/-/supports-color-7.2.0.tgz. Extracting by manifest.
545 silly tarball no local data for color-name@https://registry.npmjs.org/color-name/-/color-name-1.1.4.tgz. Extracting by manifest.
546 silly tarball no local data for has-flag@https://registry.npmjs.org/has-flag/-/has-flag-4.0.0.tgz. Extracting by manifest.
547 http cache ansi-styles@https://registry.npmjs.org/ansi-styles/-/ansi-styles-4.3.0.tgz 0ms (cache hit)
548 silly tarball no local data for color-convert@https://registry.npmjs.org/color-convert/-/color-convert-2.0.1.tgz. Extracting by manifest.
549 silly tarball no local data for strip-json-comments@https://registry.npmjs.org/strip-json-comments/-/strip-json-comments-2.0.1.tgz. Extracting by manifest.
550 silly tarball no local data for ansi-styles@https://registry.npmjs.org/ansi-styles/-/ansi-styles-6.2.3.tgz. Extracting by manifest.
551 silly tarball no local data for isexe@https://registry.npmjs.org/isexe/-/isexe-2.0.0.tgz. Extracting by manifest.
552 silly tarball no local data for minimist@https://registry.npmjs.org/minimist/-/minimist-1.2.8.tgz. Extracting by manifest.
553 silly tarball no local data for deep-extend@https://registry.npmjs.org/deep-extend/-/deep-extend-0.6.0.tgz. Extracting by manifest.
554 silly tarball no local data for registry-url@https://registry.npmjs.org/registry-url/-/registry-url-3.1.0.tgz. Extracting by manifest.
555 silly tarball no local data for registry-auth-token@https://registry.npmjs.org/registry-auth-token/-/registry-auth-token-3.3.2.tgz. Extracting by manifest.
556 silly tarball no local data for ini@https://registry.npmjs.org/ini/-/ini-1.3.8.tgz. Extracting by manifest.
557 silly tarball no local data for rc@https://registry.npmjs.org/rc/-/rc-1.2.8.tgz. Extracting by manifest.
558 silly tarball no local data for shebang-regex@https://registry.npmjs.org/shebang-regex/-/shebang-regex-3.0.0.tgz. Extracting by manifest.
559 silly tarball no local data for strip-ansi@https://registry.npmjs.org/strip-ansi/-/strip-ansi-7.2.0.tgz. Extracting by manifest.
560 silly tarball no local data for ansi-regex@https://registry.npmjs.org/ansi-regex/-/ansi-regex-6.2.2.tgz. Extracting by manifest.
561 silly tarball no local data for emoji-regex@https://registry.npmjs.org/emoji-regex/-/emoji-regex-9.2.2.tgz. Extracting by manifest.
562 silly tarball no local data for concat-map@https://registry.npmjs.org/concat-map/-/concat-map-0.0.1.tgz. Extracting by manifest.
563 silly tarball no local data for brace-expansion@https://registry.npmjs.org/brace-expansion/-/brace-expansion-1.1.12.tgz. Extracting by manifest.
564 silly tarball no local data for eastasianwidth@https://registry.npmjs.org/eastasianwidth/-/eastasianwidth-0.2.0.tgz. Extracting by manifest.
565 silly tarball no local data for path-is-inside@https://registry.npmjs.org/path-is-inside/-/path-is-inside-1.0.2.tgz. Extracting by manifest.
566 silly tarball no local data for path-to-regexp@https://registry.npmjs.org/path-to-regexp/-/path-to-regexp-3.3.0.tgz. Extracting by manifest.
567 silly tarball no local data for range-parser@https://registry.npmjs.org/range-parser/-/range-parser-1.2.0.tgz. Extracting by manifest.
568 silly tarball no local data for balanced-match@https://registry.npmjs.org/balanced-match/-/balanced-match-1.0.2.tgz. Extracting by manifest.
569 silly tarball no local data for minimatch@https://registry.npmjs.org/minimatch/-/minimatch-3.1.5.tgz. Extracting by manifest.
570 silly tarball no local data for is-docker@https://registry.npmjs.org/is-docker/-/is-docker-2.2.1.tgz. Extracting by manifest.
571 silly tarball no local data for mimic-fn@https://registry.npmjs.org/mimic-fn/-/mimic-fn-2.1.0.tgz. Extracting by manifest.
572 silly tarball no local data for shebang-command@https://registry.npmjs.org/shebang-command/-/shebang-command-2.0.0.tgz. Extracting by manifest.
573 silly tarball no local data for mime-types@https://registry.npmjs.org/mime-types/-/mime-types-2.1.18.tgz. Extracting by manifest.
574 silly tarball no local data for which@https://registry.npmjs.org/which/-/which-2.0.2.tgz. Extracting by manifest.
575 silly tarball no local data for content-disposition@https://registry.npmjs.org/content-disposition/-/content-disposition-0.5.2.tgz. Extracting by manifest.
576 silly tarball no local data for npm-run-path@https://registry.npmjs.org/npm-run-path/-/npm-run-path-4.0.1.tgz. Extracting by manifest.
577 silly tarball no local data for path-key@https://registry.npmjs.org/path-key/-/path-key-3.1.1.tgz. Extracting by manifest.
578 silly tarball no local data for onetime@https://registry.npmjs.org/onetime/-/onetime-5.1.2.tgz. Extracting by manifest.
579 silly tarball no local data for merge-stream@https://registry.npmjs.org/merge-stream/-/merge-stream-2.0.0.tgz. Extracting by manifest.
580 silly tarball no local data for strip-final-newline@https://registry.npmjs.org/strip-final-newline/-/strip-final-newline-2.0.0.tgz. Extracting by manifest.
581 silly tarball no local data for human-signals@https://registry.npmjs.org/human-signals/-/human-signals-2.1.0.tgz. Extracting by manifest.
582 silly tarball no local data for get-stream@https://registry.npmjs.org/get-stream/-/get-stream-6.0.1.tgz. Extracting by manifest.
583 silly tarball no local data for ms@https://registry.npmjs.org/ms/-/ms-2.0.0.tgz. Extracting by manifest.
584 silly tarball no local data for is-stream@https://registry.npmjs.org/is-stream/-/is-stream-2.0.1.tgz. Extracting by manifest.
585 silly tarball no local data for signal-exit@https://registry.npmjs.org/signal-exit/-/signal-exit-3.0.7.tgz. Extracting by manifest.
586 silly tarball no local data for safe-buffer@https://registry.npmjs.org/safe-buffer/-/safe-buffer-5.2.1.tgz. Extracting by manifest.
587 silly tarball no local data for cross-spawn@https://registry.npmjs.org/cross-spawn/-/cross-spawn-7.0.6.tgz. Extracting by manifest.
588 silly tarball no local data for vary@https://registry.npmjs.org/vary/-/vary-1.1.2.tgz. Extracting by manifest.
589 silly tarball no local data for on-headers@https://registry.npmjs.org/on-headers/-/on-headers-1.1.0.tgz. Extracting by manifest.
590 silly tarball no local data for is-wsl@https://registry.npmjs.org/is-wsl/-/is-wsl-2.2.0.tgz. Extracting by manifest.
591 silly tarball no local data for mime-db@https://registry.npmjs.org/mime-db/-/mime-db-1.54.0.tgz. Extracting by manifest.
592 silly tarball no local data for arch@https://registry.npmjs.org/arch/-/arch-2.2.0.tgz. Extracting by manifest.
593 silly tarball no local data for negotiator@https://registry.npmjs.org/negotiator/-/negotiator-0.6.4.tgz. Extracting by manifest.
594 silly tarball no local data for bytes@https://registry.npmjs.org/bytes/-/bytes-3.1.2.tgz. Extracting by manifest.
595 silly tarball no local data for debug@https://registry.npmjs.org/debug/-/debug-2.6.9.tgz. Extracting by manifest.
596 silly tarball no local data for execa@https://registry.npmjs.org/execa/-/execa-5.1.1.tgz. Extracting by manifest.
597 silly tarball no local data for widest-line@https://registry.npmjs.org/widest-line/-/widest-line-4.0.1.tgz. Extracting by manifest.
598 silly tarball no local data for compressible@https://registry.npmjs.org/compressible/-/compressible-2.0.18.tgz. Extracting by manifest.
599 silly tarball no local data for camelcase@https://registry.npmjs.org/camelcase/-/camelcase-7.0.1.tgz. Extracting by manifest.
600 silly tarball no local data for wrap-ansi@https://registry.npmjs.org/wrap-ansi/-/wrap-ansi-8.1.0.tgz. Extracting by manifest.
601 silly tarball no local data for ansi-align@https://registry.npmjs.org/ansi-align/-/ansi-align-3.0.1.tgz. Extracting by manifest.
602 silly tarball no local data for type-fest@https://registry.npmjs.org/type-fest/-/type-fest-2.19.0.tgz. Extracting by manifest.
603 silly tarball no local data for require-from-string@https://registry.npmjs.org/require-from-string/-/require-from-string-2.0.2.tgz. Extracting by manifest.
604 silly tarball no local data for json-schema-traverse@https://registry.npmjs.org/json-schema-traverse/-/json-schema-traverse-1.0.0.tgz. Extracting by manifest.
605 silly tarball no local data for cli-boxes@https://registry.npmjs.org/cli-boxes/-/cli-boxes-3.0.0.tgz. Extracting by manifest.
606 silly tarball no local data for fast-uri@https://registry.npmjs.org/fast-uri/-/fast-uri-3.1.0.tgz. Extracting by manifest.
607 silly tarball no local data for string-width@https://registry.npmjs.org/string-width/-/string-width-5.1.2.tgz. Extracting by manifest.
608 silly tarball no local data for update-check@https://registry.npmjs.org/update-check/-/update-check-1.5.4.tgz. Extracting by manifest.
609 silly tarball no local data for serve-handler@https://registry.npmjs.org/serve-handler/-/serve-handler-6.1.7.tgz. Extracting by manifest.
610 silly tarball no local data for compression@https://registry.npmjs.org/compression/-/compression-1.8.1.tgz. Extracting by manifest.
611 silly tarball no local data for fast-deep-equal@https://registry.npmjs.org/fast-deep-equal/-/fast-deep-equal-3.1.3.tgz. Extracting by manifest.
612 silly tarball no local data for is-port-reachable@https://registry.npmjs.org/is-port-reachable/-/is-port-reachable-4.0.0.tgz. Extracting by manifest.
613 silly tarball no local data for clipboardy@https://registry.npmjs.org/clipboardy/-/clipboardy-3.0.0.tgz. Extracting by manifest.
614 silly tarball no local data for ajv@https://registry.npmjs.org/ajv/-/ajv-8.18.0.tgz. Extracting by manifest.
615 silly tarball no local data for mime-db@https://registry.npmjs.org/mime-db/-/mime-db-1.33.0.tgz. Extracting by manifest.
616 silly tarball no local data for chalk-template@https://registry.npmjs.org/chalk-template/-/chalk-template-0.4.0.tgz. Extracting by manifest.
617 silly tarball no local data for serve@https://registry.npmjs.org/serve/-/serve-14.2.6.tgz. Extracting by manifest.
618 silly tarball no local data for @zeit/schemas@https://registry.npmjs.org/@zeit/schemas/-/schemas-2.36.0.tgz. Extracting by manifest.
619 silly tarball no local data for arg@https://registry.npmjs.org/arg/-/arg-5.0.2.tgz. Extracting by manifest.
620 silly tarball no local data for ansi-regex@https://registry.npmjs.org/ansi-regex/-/ansi-regex-5.0.1.tgz. Extracting by manifest.
621 silly tarball no local data for chalk@https://registry.npmjs.org/chalk/-/chalk-5.0.1.tgz. Extracting by manifest.
622 silly tarball no local data for strip-ansi@https://registry.npmjs.org/strip-ansi/-/strip-ansi-6.0.1.tgz. Extracting by manifest.
623 silly tarball no local data for boxen@https://registry.npmjs.org/boxen/-/boxen-7.0.0.tgz. Extracting by manifest.
624 silly tarball no local data for bytes@https://registry.npmjs.org/bytes/-/bytes-3.0.0.tgz. Extracting by manifest.
625 silly tarball no local data for string-width@https://registry.npmjs.org/string-width/-/string-width-4.2.3.tgz. Extracting by manifest.
626 silly tarball no local data for chalk@https://registry.npmjs.org/chalk/-/chalk-4.1.2.tgz. Extracting by manifest.
627 silly tarball no local data for emoji-regex@https://registry.npmjs.org/emoji-regex/-/emoji-regex-8.0.0.tgz. Extracting by manifest.
628 silly tarball no local data for ansi-styles@https://registry.npmjs.org/ansi-styles/-/ansi-styles-4.3.0.tgz. Extracting by manifest.
629 http fetch POST 200 https://registry.npmjs.org/-/npm/v1/security/advisories/bulk 45ms
630 silly audit report {}
631 http fetch GET 200 https://registry.npmjs.org/color-name/-/color-name-1.1.4.tgz 62ms (cache miss)
632 http fetch GET 200 https://registry.npmjs.org/is-fullwidth-code-point/-/is-fullwidth-code-point-3.0.0.tgz 63ms (cache miss)
633 http fetch GET 200 https://registry.npmjs.org/has-flag/-/has-flag-4.0.0.tgz 63ms (cache miss)
634 http fetch GET 200 https://registry.npmjs.org/supports-color/-/supports-color-7.2.0.tgz 63ms (cache miss)
635 http fetch GET 200 https://registry.npmjs.org/color-convert/-/color-convert-2.0.1.tgz 62ms (cache miss)
636 http fetch GET 200 https://registry.npmjs.org/shebang-regex/-/shebang-regex-3.0.0.tgz 62ms (cache miss)
637 http fetch GET 200 https://registry.npmjs.org/strip-json-comments/-/strip-json-comments-2.0.1.tgz 72ms (cache miss)
638 http fetch GET 200 https://registry.npmjs.org/strip-ansi/-/strip-ansi-7.2.0.tgz 72ms (cache miss)
639 http fetch GET 200 https://registry.npmjs.org/ansi-regex/-/ansi-regex-6.2.2.tgz 76ms (cache miss)
640 http fetch GET 200 https://registry.npmjs.org/concat-map/-/concat-map-0.0.1.tgz 86ms (cache miss)
641 http fetch GET 200 https://registry.npmjs.org/eastasianwidth/-/eastasianwidth-0.2.0.tgz 87ms (cache miss)
642 http fetch GET 200 https://registry.npmjs.org/ansi-styles/-/ansi-styles-6.2.3.tgz 90ms (cache miss)
643 http fetch GET 200 https://registry.npmjs.org/emoji-regex/-/emoji-regex-9.2.2.tgz 91ms (cache miss)
644 http fetch GET 200 https://registry.npmjs.org/brace-expansion/-/brace-expansion-1.1.12.tgz 97ms (cache miss)
645 http fetch GET 200 https://registry.npmjs.org/path-to-regexp/-/path-to-regexp-3.3.0.tgz 98ms (cache miss)
646 http fetch GET 200 https://registry.npmjs.org/rc/-/rc-1.2.8.tgz 100ms (cache miss)
647 http fetch GET 200 https://registry.npmjs.org/isexe/-/isexe-2.0.0.tgz 101ms (cache miss)
648 http fetch GET 200 https://registry.npmjs.org/registry-url/-/registry-url-3.1.0.tgz 104ms (cache miss)
649 http fetch GET 200 https://registry.npmjs.org/deep-extend/-/deep-extend-0.6.0.tgz 104ms (cache miss)
650 http fetch GET 200 https://registry.npmjs.org/ini/-/ini-1.3.8.tgz 103ms (cache miss)
651 http fetch GET 200 https://registry.npmjs.org/registry-auth-token/-/registry-auth-token-3.3.2.tgz 104ms (cache miss)
652 http fetch GET 200 https://registry.npmjs.org/path-is-inside/-/path-is-inside-1.0.2.tgz 103ms (cache miss)
653 http fetch GET 200 https://registry.npmjs.org/range-parser/-/range-parser-1.2.0.tgz 103ms (cache miss)
654 http fetch GET 200 https://registry.npmjs.org/minimist/-/minimist-1.2.8.tgz 108ms (cache miss)
655 http fetch GET 200 https://registry.npmjs.org/mimic-fn/-/mimic-fn-2.1.0.tgz 111ms (cache miss)
656 http fetch GET 200 https://registry.npmjs.org/minimatch/-/minimatch-3.1.5.tgz 111ms (cache miss)
657 http fetch GET 200 https://registry.npmjs.org/balanced-match/-/balanced-match-1.0.2.tgz 116ms (cache miss)
658 http fetch GET 200 https://registry.npmjs.org/is-docker/-/is-docker-2.2.1.tgz 119ms (cache miss)
659 http fetch GET 200 https://registry.npmjs.org/npm-run-path/-/npm-run-path-4.0.1.tgz 118ms (cache miss)
660 http fetch GET 200 https://registry.npmjs.org/shebang-command/-/shebang-command-2.0.0.tgz 120ms (cache miss)
661 http fetch GET 200 https://registry.npmjs.org/which/-/which-2.0.2.tgz 123ms (cache miss)
662 http fetch GET 200 https://registry.npmjs.org/mime-types/-/mime-types-2.1.18.tgz 124ms (cache miss)
663 http fetch GET 200 https://registry.npmjs.org/merge-stream/-/merge-stream-2.0.0.tgz 132ms (cache miss)
664 http fetch GET 200 https://registry.npmjs.org/content-disposition/-/content-disposition-0.5.2.tgz 133ms (cache miss)
665 http fetch GET 200 https://registry.npmjs.org/is-stream/-/is-stream-2.0.1.tgz 138ms (cache miss)
666 http fetch GET 200 https://registry.npmjs.org/onetime/-/onetime-5.1.2.tgz 140ms (cache miss)
667 http fetch GET 200 https://registry.npmjs.org/strip-final-newline/-/strip-final-newline-2.0.0.tgz 140ms (cache miss)
668 http fetch GET 200 https://registry.npmjs.org/get-stream/-/get-stream-6.0.1.tgz 140ms (cache miss)
669 http fetch GET 200 https://registry.npmjs.org/path-key/-/path-key-3.1.1.tgz 141ms (cache miss)
670 http fetch GET 200 https://registry.npmjs.org/human-signals/-/human-signals-2.1.0.tgz 142ms (cache miss)
671 http fetch GET 200 https://registry.npmjs.org/cross-spawn/-/cross-spawn-7.0.6.tgz 144ms (cache miss)
672 http fetch GET 200 https://registry.npmjs.org/safe-buffer/-/safe-buffer-5.2.1.tgz 145ms (cache miss)
673 http fetch GET 200 https://registry.npmjs.org/ms/-/ms-2.0.0.tgz 146ms (cache miss)
674 http fetch GET 200 https://registry.npmjs.org/is-wsl/-/is-wsl-2.2.0.tgz 152ms (cache miss)
675 http fetch GET 200 https://registry.npmjs.org/vary/-/vary-1.1.2.tgz 152ms (cache miss)
676 http fetch GET 200 https://registry.npmjs.org/signal-exit/-/signal-exit-3.0.7.tgz 156ms (cache miss)
677 http fetch GET 200 https://registry.npmjs.org/on-headers/-/on-headers-1.1.0.tgz 156ms (cache miss)
678 http fetch GET 200 https://registry.npmjs.org/arch/-/arch-2.2.0.tgz 159ms (cache miss)
679 http fetch GET 200 https://registry.npmjs.org/negotiator/-/negotiator-0.6.4.tgz 164ms (cache miss)
680 http fetch GET 200 https://registry.npmjs.org/mime-db/-/mime-db-1.54.0.tgz 165ms (cache miss)
681 http fetch GET 200 https://registry.npmjs.org/execa/-/execa-5.1.1.tgz 174ms (cache miss)
682 http fetch GET 200 https://registry.npmjs.org/compressible/-/compressible-2.0.18.tgz 173ms (cache miss)
683 http fetch GET 200 https://registry.npmjs.org/camelcase/-/camelcase-7.0.1.tgz 174ms (cache miss)
684 http fetch GET 200 https://registry.npmjs.org/widest-line/-/widest-line-4.0.1.tgz 175ms (cache miss)
685 http fetch GET 200 https://registry.npmjs.org/debug/-/debug-2.6.9.tgz 178ms (cache miss)
686 http fetch GET 200 https://registry.npmjs.org/bytes/-/bytes-3.1.2.tgz 178ms (cache miss)
687 http fetch GET 200 https://registry.npmjs.org/require-from-string/-/require-from-string-2.0.2.tgz 176ms (cache miss)
688 http fetch GET 200 https://registry.npmjs.org/wrap-ansi/-/wrap-ansi-8.1.0.tgz 178ms (cache miss)
689 http fetch GET 200 https://registry.npmjs.org/ansi-align/-/ansi-align-3.0.1.tgz 179ms (cache miss)
690 http fetch GET 200 https://registry.npmjs.org/type-fest/-/type-fest-2.19.0.tgz 191ms (cache miss)
691 http fetch GET 200 https://registry.npmjs.org/is-port-reachable/-/is-port-reachable-4.0.0.tgz 292ms (cache miss)
692 http fetch GET 200 https://registry.npmjs.org/json-schema-traverse/-/json-schema-traverse-1.0.0.tgz 294ms (cache miss)
693 http fetch GET 200 https://registry.npmjs.org/cli-boxes/-/cli-boxes-3.0.0.tgz 295ms (cache miss)
694 http fetch GET 200 https://registry.npmjs.org/string-width/-/string-width-5.1.2.tgz 295ms (cache miss)
695 http fetch GET 200 https://registry.npmjs.org/serve-handler/-/serve-handler-6.1.7.tgz 295ms (cache miss)
696 http fetch GET 200 https://registry.npmjs.org/serve/-/serve-14.2.6.tgz 294ms (cache miss)
697 http fetch GET 200 https://registry.npmjs.org/update-check/-/update-check-1.5.4.tgz 296ms (cache miss)
698 http fetch GET 200 https://registry.npmjs.org/chalk-template/-/chalk-template-0.4.0.tgz 294ms (cache miss)
699 http fetch GET 200 https://registry.npmjs.org/fast-deep-equal/-/fast-deep-equal-3.1.3.tgz 295ms (cache miss)
700 http fetch GET 200 https://registry.npmjs.org/compression/-/compression-1.8.1.tgz 298ms (cache miss)
701 http fetch GET 200 https://registry.npmjs.org/mime-db/-/mime-db-1.33.0.tgz 299ms (cache miss)
702 http fetch GET 200 https://registry.npmjs.org/clipboardy/-/clipboardy-3.0.0.tgz 305ms (cache miss)
703 http fetch GET 200 https://registry.npmjs.org/arg/-/arg-5.0.2.tgz 305ms (cache miss)
704 http fetch GET 200 https://registry.npmjs.org/fast-uri/-/fast-uri-3.1.0.tgz 307ms (cache miss)
705 http fetch GET 200 https://registry.npmjs.org/bytes/-/bytes-3.0.0.tgz 312ms (cache miss)
706 http fetch GET 200 https://registry.npmjs.org/ansi-styles/-/ansi-styles-4.3.0.tgz 311ms (cache miss)
707 http fetch GET 200 https://registry.npmjs.org/boxen/-/boxen-7.0.0.tgz 313ms (cache miss)
708 http fetch GET 200 https://registry.npmjs.org/string-width/-/string-width-4.2.3.tgz 313ms (cache miss)
709 http fetch GET 200 https://registry.npmjs.org/strip-ansi/-/strip-ansi-6.0.1.tgz 316ms (cache miss)
710 http fetch GET 200 https://registry.npmjs.org/emoji-regex/-/emoji-regex-8.0.0.tgz 315ms (cache miss)
711 http fetch GET 200 https://registry.npmjs.org/ansi-regex/-/ansi-regex-5.0.1.tgz 318ms (cache miss)
712 http fetch GET 200 https://registry.npmjs.org/chalk/-/chalk-4.1.2.tgz 318ms (cache miss)
713 http fetch GET 200 https://registry.npmjs.org/chalk/-/chalk-5.0.1.tgz 321ms (cache miss)
714 http fetch GET 200 https://registry.npmjs.org/@zeit/schemas/-/schemas-2.36.0.tgz 326ms (cache miss)
715 http fetch GET 200 https://registry.npmjs.org/ajv/-/ajv-8.18.0.tgz 553ms (cache miss)
